Created by PLY version 3.11 (http://www.dabeaz.com/ply)

Unused terminals:

    DOT
    PRINT

Grammar

Rule 0     S' -> programa
Rule 1     programa -> PROGRAM ID SEMICOLON establishglobalscope programaP
Rule 2     establishglobalscope -> <empty>
Rule 3     programaP -> vars programaP
Rule 4     programaP -> clase programaP
Rule 5     programaP -> funcion programaP
Rule 6     programaP -> bloque
Rule 7     programaP -> empty
Rule 8     clase -> CLASS ID OPENBRACE claseP CLOSEBRACE
Rule 9     claseP -> vars clasePP
Rule 10    claseP -> clasePP
Rule 11    clasePP -> funcion clasePP
Rule 12    clasePP -> empty
Rule 13    funcion -> FUNCTION tipo TWODOTS ID savefuncscope OPENPARENTHESES paramsfunction CLOSEPARENTHESES OPENBRACE CLOSEBRACE
Rule 14    savefuncscope -> <empty>
Rule 15    paramsfunction -> tipo param COMMA paramsfunction
Rule 16    paramsfunction -> tipo param
Rule 17    return -> RETURN ID
Rule 18    return -> RETURN exp
Rule 19    return -> RETURN
Rule 20    return -> empty
Rule 21    vars -> VARS tipo savetype TWODOTS varsP
Rule 22    varsP -> param COMMA varsP
Rule 23    varsP -> param SEMICOLON
Rule 24    savetype -> <empty>
Rule 25    param -> ID
Rule 26    param -> ID OPENBRACKET paramsP CLOSEBRACKET
Rule 27    paramsP -> exp COMMA paramsP
Rule 28    paramsP -> exp
Rule 29    tipo -> INT
Rule 30    tipo -> FLOAT
Rule 31    tipo -> CHAR
Rule 32    bloque -> MAIN OPENPARENTHESES CLOSEPARENTHESES OPENBRACE establishmainscope estatuto CLOSEBRACE
Rule 33    bloque -> MAIN OPENPARENTHESES CLOSEPARENTHESES OPENBRACE CLOSEBRACE
Rule 34    establishmainscope -> <empty>
Rule 35    estatuto -> asignacion estatuto
Rule 36    estatuto -> llamada estatuto
Rule 37    estatuto -> retorno estatuto
Rule 38    estatuto -> lectura estatuto
Rule 39    estatuto -> escritura estatuto
Rule 40    estatuto -> repeticion estatuto
Rule 41    estatuto -> estatuto estatuto
Rule 42    estatuto -> declaracion estatuto
Rule 43    estatuto -> empty
Rule 44    declaracion -> vars
Rule 45    llamada -> ID OPENPARENTHESES param CLOSEPARENTHESES SEMICOLON
Rule 46    llamada -> ID OPENPARENTHESES CLOSEPARENTHESES SEMICOLON
Rule 47    retorno -> RETURN OPENPARENTHESES exp CLOSEPARENTHESES SEMICOLON
Rule 48    lectura -> READ OPENPARENTHESES param CLOSEPARENTHESES SEMICOLON
Rule 49    asignacion -> ID EQUALS exp SEMICOLON
Rule 50    asignacion -> ID OPENBRACKET paramsP CLOSEBRACKET EQUALS exp SEMICOLON
Rule 51    escritura -> WRITE OPENPARENTHESES escrituraP CLOSEPARENTHESES SEMICOLON
Rule 52    escrituraP -> QUOTATIONMARK CTESTRING QUOTATIONMARK COMMA escrituraP
Rule 53    escrituraP -> exp COMMA escrituraP
Rule 54    escrituraP -> ID COMMA escrituraP
Rule 55    escrituraP -> QUOTATIONMARK CTESTRING QUOTATIONMARK
Rule 56    escrituraP -> exp
Rule 57    escrituraP -> ID
Rule 58    condicion -> IF OPENPARENTHESES exp CLOSEPARENTHESES THEN OPENBRACE estatuto CLOSEBRACE ELSE OPENBRACE estatuto CLOSEBRACE
Rule 59    condicion -> IF OPENPARENTHESES exp CLOSEPARENTHESES THEN OPENBRACE CLOSEBRACE ELSE OPENBRACE estatuto CLOSEBRACE
Rule 60    condicion -> IF OPENPARENTHESES exp CLOSEPARENTHESES THEN OPENBRACE estatuto CLOSEBRACE ELSE OPENBRACE CLOSEBRACE
Rule 61    condicion -> IF OPENPARENTHESES exp CLOSEPARENTHESES THEN OPENBRACE estatuto CLOSEBRACE
Rule 62    condicion -> IF OPENPARENTHESES exp CLOSEPARENTHESES THEN OPENBRACE CLOSEBRACE
Rule 63    repeticion -> condicional
Rule 64    repeticion -> no_condicional
Rule 65    condicional -> WHILE OPENPARENTHESES exp CLOSEPARENTHESES DO OPENBRACE estatuto CLOSEBRACE
Rule 66    condicional -> WHILE OPENPARENTHESES exp CLOSEPARENTHESES DO OPENBRACE CLOSEBRACE
Rule 67    no_condicional -> FOR ID EQUALS exp TO exp OPENBRACE estatuto CLOSEBRACE
Rule 68    no_condicional -> FOR ID EQUALS exp TO exp DO OPENBRACE CLOSEBRACE
Rule 69    exp -> termino
Rule 70    exp -> exp PLUS termino
Rule 71    exp -> exp MINUS termino
Rule 72    termino -> factor
Rule 73    termino -> termino MULTIPLY factor
Rule 74    termino -> termino DIVIDE factor
Rule 75    factor -> ID OPENPARENTHESES exp CLOSEPARENTHESES
Rule 76    factor -> ID
Rule 77    factor -> CTEF
Rule 78    factor -> CTEI
Rule 79    factor -> OPENPARENTHESES h_exp CLOSEPARENTHESES
Rule 80    h_exp -> s_exp
Rule 81    h_exp -> s_exp AND h_exp
Rule 82    h_exp -> s_exp OR h_exp
Rule 83    s_exp -> exp
Rule 84    s_exp -> exp GREATER exp
Rule 85    s_exp -> exp LESS exp
Rule 86    s_exp -> exp DIFFERENT exp
Rule 87    s_exp -> exp EQUALS_BOOLEAN exp
Rule 88    s_exp -> exp LESSEQUAL exp
Rule 89    s_exp -> exp GREATEREQUAL exp

Terminals, with rules where they appear

AND                  : 81
CHAR                 : 31
CLASS                : 8
CLOSEBRACE           : 8 13 32 33 58 58 59 59 60 60 61 62 65 66 67 68
CLOSEBRACKET         : 26 50
CLOSEPARENTHESES     : 13 32 33 45 46 47 48 51 58 59 60 61 62 65 66 75 79
COMMA                : 15 22 27 52 53 54
CTEF                 : 77
CTEI                 : 78
CTESTRING            : 52 55
DIFFERENT            : 86
DIVIDE               : 74
DO                   : 65 66 68
DOT                  : 
ELSE                 : 58 59 60
EQUALS               : 49 50 67 68
EQUALS_BOOLEAN       : 87
FLOAT                : 30
FOR                  : 67 68
FUNCTION             : 13
GREATER              : 84
GREATEREQUAL         : 89
ID                   : 1 8 13 17 25 26 45 46 49 50 54 57 67 68 75 76
IF                   : 58 59 60 61 62
INT                  : 29
LESS                 : 85
LESSEQUAL            : 88
MAIN                 : 32 33
MINUS                : 71
MULTIPLY             : 73
OPENBRACE            : 8 13 32 33 58 58 59 59 60 60 61 62 65 66 67 68
OPENBRACKET          : 26 50
OPENPARENTHESES      : 13 32 33 45 46 47 48 51 58 59 60 61 62 65 66 75 79
OR                   : 82
PLUS                 : 70
PRINT                : 
PROGRAM              : 1
QUOTATIONMARK        : 52 52 55 55
READ                 : 48
RETURN               : 17 18 19 47
SEMICOLON            : 1 23 45 46 47 48 49 50 51
THEN                 : 58 59 60 61 62
TO                   : 67 68
TWODOTS              : 13 21
VARS                 : 21
WHILE                : 65 66
WRITE                : 51
error                : 

Nonterminals, with rules where they appear

asignacion           : 35
bloque               : 6
clase                : 4
claseP               : 8
clasePP              : 9 10 11
condicion            : 
condicional          : 63
declaracion          : 42
empty                : 7 12 20 43
escritura            : 39
escrituraP           : 51 52 53 54
establishglobalscope : 1
establishmainscope   : 32
estatuto             : 32 35 36 37 38 39 40 41 41 42 58 58 59 60 61 65 67
exp                  : 18 27 28 47 49 50 53 56 58 59 60 61 62 65 66 67 67 68 68 70 71 75 83 84 84 85 85 86 86 87 87 88 88 89 89
factor               : 72 73 74
funcion              : 5 11
h_exp                : 79 81 82
lectura              : 38
llamada              : 36
no_condicional       : 64
param                : 15 16 22 23 45 48
paramsP              : 26 27 50
paramsfunction       : 13 15
programa             : 0
programaP            : 1 3 4 5
repeticion           : 40
retorno              : 37
return               : 
s_exp                : 80 81 82
savefuncscope        : 13
savetype             : 21
termino              : 69 70 71 73 74
tipo                 : 13 15 16 21
vars                 : 3 9 44
varsP                : 21 22

